  Grafo.cpp
  Lista8.cpp
  MainPF.cpp
D:\Estructura de Datos\ProyectoFinal\ProyectoFinal\MainPF.cpp(87,24): warning C4244: '=': conversión de 'double' a 'int'; posible pérdida de datos
D:\Estructura de Datos\ProyectoFinal\ProyectoFinal\MinCut.h(73,42): warning C4267: '=': conversión de 'size_t' a 'int'; posible pérdida de datos
D:\Estructura de Datos\ProyectoFinal\ProyectoFinal\MinCut.h(66,1): message : al compilar la función del miembro clase plantilla "int MinCut<std::string>::CorteMinimo(void)"
D:\Estructura de Datos\ProyectoFinal\ProyectoFinal\MainPF.cpp(118,7): message : vea la primera referencia a “MinCut<std::string>::CorteMinimo” en “main”
D:\Estructura de Datos\ProyectoFinal\ProyectoFinal\MainPF.cpp(9,17): message : Vea la referencia a la creación de una instancia de clase plantilla "MinCut<std::string>" que se está compilando
D:\Estructura de Datos\ProyectoFinal\ProyectoFinal\MinCut.h(36,12): warning C4244: 'argumento': conversión de 'time_t' a 'unsigned int'; posible pérdida de datos
D:\Estructura de Datos\ProyectoFinal\ProyectoFinal\MinCut.h(35,1): message : al compilar la función del miembro clase plantilla "void MinCut<std::string>::SacarAletorios(T &,T &)"
          with
          [
              T=std::string
          ]
D:\Estructura de Datos\ProyectoFinal\ProyectoFinal\MinCut.h(47,1): message : al compilar la función del miembro clase plantilla "void MinCut<std::string>::Contraer(T &,T &)"
          with
          [
              T=std::string
          ]
D:\Estructura de Datos\ProyectoFinal\ProyectoFinal\MinCut.h(71,11): message : vea la primera referencia a “MinCut<std::string>::Contraer” en “MinCut<std::string>::CorteMinimo”
D:\Estructura de Datos\ProyectoFinal\ProyectoFinal\MainPF.cpp(118,7): message : vea la primera referencia a “MinCut<std::string>::CorteMinimo” en “main”
D:\Estructura de Datos\ProyectoFinal\ProyectoFinal\MinCut.h(23,1): message : al compilar la función del miembro clase plantilla "MinCut<std::string>::MinCut(void)"
D:\Estructura de Datos\ProyectoFinal\ProyectoFinal\MainPF.cpp(9,17): message : vea la primera referencia a “MinCut<std::string>::MinCut” en “main”
D:\Estructura de Datos\ProyectoFinal\ProyectoFinal\Grafo.h(34,12): warning C4244: '=': conversión de 'double' a 'int'; posible pérdida de datos
D:\Estructura de Datos\ProyectoFinal\ProyectoFinal\Grafo.h(28,42): message : al compilar la función del miembro clase plantilla "int Grafo<T>::funcionHash(T)"
          with
          [
              T=std::string
          ]
D:\Estructura de Datos\ProyectoFinal\ProyectoFinal\Grafo.h(49,42): message : vea la primera referencia a “Grafo<T>::funcionHash” en “Grafo<T>::insertar”
          with
          [
              T=std::string
          ]
D:\Estructura de Datos\ProyectoFinal\ProyectoFinal\MinCut.h(30,17): message : vea la primera referencia a “Grafo<T>::insertar” en “MinCut<std::string>::insertar”
          with
          [
              T=std::string
          ]
D:\Estructura de Datos\ProyectoFinal\ProyectoFinal\MainPF.cpp(111,18): message : vea la primera referencia a “MinCut<std::string>::insertar” en “main”
D:\Estructura de Datos\ProyectoFinal\ProyectoFinal\Tripla.h(95,12): warning C4244: 'argumento': conversión de 'time_t' a 'unsigned int'; posible pérdida de datos
D:\Estructura de Datos\ProyectoFinal\ProyectoFinal\Tripla.h(94,1): message : al compilar la función del miembro clase plantilla "void Tripla<T>::SacarUnElemLista(T &)"
          with
          [
              T=std::string
          ]
D:\Estructura de Datos\ProyectoFinal\ProyectoFinal\Grafo.h(72,1): message : al compilar la función del miembro clase plantilla "void Grafo<T>::SacarAdyacente(T,T &)"
          with
          [
              T=std::string
          ]
D:\Estructura de Datos\ProyectoFinal\ProyectoFinal\MinCut.h(35,1): message : al compilar la función del miembro clase plantilla "void MinCut<std::string>::SacarAletorios(T &,T &)"
          with
          [
              T=std::string
          ]
  MinCut.cpp
  Tripla.cpp
  Generando código...
  ProyectoFinal.vcxproj -> D:\Estructura de Datos\ProyectoFinal\x64\Debug\ProyectoFinal.exe
